16:58:54.383 [main] DEBUG io.netty.util.internal.PlatformDependent0 - java.nio.DirectByteBuffer.<init>(long, int): unavailable
16:58:54.442 [main] DEBUG io.netty.util.internal.PlatformDependent - sun.misc.Unsafe: available
16:58:54.444 [main] DEBUG io.netty.util.internal.PlatformDependent - maxDirectMemory: 1048576000 bytes (maybe)
16:58:54.447 [main] DEBUG io.netty.util.internal.PlatformDependent - -Dio.netty.tmpdir: C:\Users\ADMIN\AppData\Local\Temp (java.io.tmpdir)
16:58:54.466 [main] DEBUG io.netty.util.internal.PlatformDependent - -Dio.netty.bitMode: 64 (sun.arch.data.model)
16:58:54.468 [main] DEBUG io.netty.util.internal.PlatformDependent - Platform: Windows
16:58:54.473 [main] DEBUG io.netty.util.internal.PlatformDependent - -Dio.netty.maxDirectMemory: -1 bytes
16:58:54.473 [main] DEBUG io.netty.util.internal.PlatformDependent - -Dio.netty.uninitializedArrayAllocationThreshold: -1
16:58:54.480 [main] DEBUG io.netty.util.internal.CleanerJava9 - java.nio.ByteBuffer.cleaner(): available
16:58:54.482 [main] DEBUG io.netty.util.internal.PlatformDependent - -Dio.netty.noPreferDirect: false
16:58:54.555 [main] DEBUG io.netty.util.internal.PlatformDependent - org.jctools-core.MpscChunkedArrayQueue: available
16:58:54.779 [main] DEBUG io.netty.util.internal.InternalThreadLocalMap - -Dio.netty.threadLocalMap.stringBuilder.initialSize: 1024
16:58:54.780 [main] DEBUG io.netty.util.internal.InternalThreadLocalMap - -Dio.netty.threadLocalMap.stringBuilder.maxSize: 4096
16:58:54.893 [main] DEBUG io.netty.handler.ssl.JdkSslContext - Default protocols (JDK): [TLSv1.3, TLSv1.2] 
16:58:54.894 [main] DEBUG io.netty.handler.ssl.JdkSslContext - Default cipher suites (JDK): [TLS_ECDHE_ECDSA_WITH_AES_256_GCM_SHA384, TLS_ECDHE_ECDSA_WITH_AES_128_GCM_SHA256, TLS_ECDHE_RSA_WITH_AES_128_GCM_SHA256, TLS_ECDHE_RSA_WITH_AES_256_GCM_SHA384, TLS_ECDHE_RSA_WITH_AES_128_CBC_SHA, TLS_ECDHE_RSA_WITH_AES_256_CBC_SHA, TLS_RSA_WITH_AES_128_GCM_SHA256, TLS_RSA_WITH_AES_128_CBC_SHA, TLS_RSA_WITH_AES_256_CBC_SHA, TLS_AES_128_GCM_SHA256, TLS_AES_256_GCM_SHA384]
16:58:55.214 [main] DEBUG io.netty.channel.MultithreadEventLoopGroup - -Dio.netty.eventLoopThreads: 4
16:58:55.333 [main] DEBUG io.netty.channel.nio.NioEventLoop - -Dio.netty.noKeySetOptimization: false
16:58:55.334 [main] DEBUG io.netty.channel.nio.NioEventLoop - -Dio.netty.selectorAutoRebuildThreshold: 512
16:58:55.446 [main] TRACE io.netty.channel.nio.NioEventLoop - instrumented a special java.util.Set into: sun.nio.ch.WEPollSelectorImpl@252a8aae
16:58:55.482 [main] TRACE io.netty.channel.nio.NioEventLoop - instrumented a special java.util.Set into: sun.nio.ch.WEPollSelectorImpl@4e1a46fb
16:58:55.495 [main] TRACE io.netty.channel.nio.NioEventLoop - instrumented a special java.util.Set into: sun.nio.ch.WEPollSelectorImpl@69fe0ed4
16:58:55.501 [main] TRACE io.netty.channel.nio.NioEventLoop - instrumented a special java.util.Set into: sun.nio.ch.WEPollSelectorImpl@20ab3e3a
16:58:55.769 [main] DEBUG io.netty.buffer.PooledByteBufAllocator - -Dio.netty.allocator.numHeapArenas: 4
16:58:55.769 [main] DEBUG io.netty.buffer.PooledByteBufAllocator - -Dio.netty.allocator.numDirectArenas: 4
16:58:55.769 [main] DEBUG io.netty.buffer.PooledByteBufAllocator - -Dio.netty.allocator.pageSize: 8192
16:58:55.770 [main] DEBUG io.netty.buffer.PooledByteBufAllocator - -Dio.netty.allocator.maxOrder: 9
16:58:55.770 [main] DEBUG io.netty.buffer.PooledByteBufAllocator - -Dio.netty.allocator.chunkSize: 4194304
16:58:55.771 [main] DEBUG io.netty.buffer.PooledByteBufAllocator - -Dio.netty.allocator.smallCacheSize: 256
16:58:55.771 [main] DEBUG io.netty.buffer.PooledByteBufAllocator - -Dio.netty.allocator.normalCacheSize: 64
16:58:55.771 [main] DEBUG io.netty.buffer.PooledByteBufAllocator - -Dio.netty.allocator.maxCachedBufferCapacity: 32768
16:58:55.772 [main] DEBUG io.netty.buffer.PooledByteBufAllocator - -Dio.netty.allocator.cacheTrimInterval: 8192
16:58:55.773 [main] DEBUG io.netty.buffer.PooledByteBufAllocator - -Dio.netty.allocator.cacheTrimIntervalMillis: 0
16:58:55.773 [main] DEBUG io.netty.buffer.PooledByteBufAllocator - -Dio.netty.allocator.useCacheForAllThreads: false
16:58:55.774 [main] DEBUG io.netty.buffer.PooledByteBufAllocator - -Dio.netty.allocator.maxCachedByteBuffersPerChunk: 1023
16:58:55.973 [main] DEBUG io.netty.buffer.ByteBufUtil - -Dio.netty.allocator.type: pooled
16:58:55.974 [main] DEBUG io.netty.buffer.ByteBufUtil - -Dio.netty.threadLocalDirectBufferSize: 0
16:58:55.974 [main] DEBUG io.netty.buffer.ByteBufUtil - -Dio.netty.maxThreadLocalCharBufferSize: 16384
16:59:04.227 [Forwarding newSession on session null to remote] DEBUG io.netty.channel.DefaultChannelId - -Dio.netty.processId: 4180 (auto-detected)
16:59:04.236 [Forwarding newSession on session null to remote] DEBUG io.netty.util.NetUtil - -Djava.net.preferIPv4Stack: false
16:59:04.237 [Forwarding newSession on session null to remote] DEBUG io.netty.util.NetUtil - -Djava.net.preferIPv6Addresses: false
16:59:04.295 [Forwarding newSession on session null to remote] DEBUG io.netty.util.NetUtilInitializations - Loopback interface: lo (Software Loopback Interface 1, 127.0.0.1)
16:59:04.302 [Forwarding newSession on session null to remote] DEBUG io.netty.util.NetUtil - Failed to get SOMAXCONN from sysctl and file \proc\sys\net\core\somaxconn. Default: 200
16:59:04.497 [Forwarding newSession on session null to remote] DEBUG io.netty.channel.DefaultChannelId - -Dio.netty.machineId: 00:21:00:ff:fe:4d:19:ac (auto-detected)
16:59:05.148 [AsyncHttpClient-1-2] DEBUG io.netty.buffer.AbstractByteBuf - -Dio.netty.buffer.checkAccessible: true
16:59:05.151 [AsyncHttpClient-1-2] DEBUG io.netty.buffer.AbstractByteBuf - -Dio.netty.buffer.checkBounds: true
16:59:05.154 [AsyncHttpClient-1-2] DEBUG io.netty.util.ResourceLeakDetectorFactory - Loaded default ResourceLeakDetector: io.netty.util.ResourceLeakDetector@55bbdff4
16:59:05.419 [AsyncHttpClient-1-2] DEBUG io.netty.util.Recycler - -Dio.netty.recycler.maxCapacityPerThread: 4096
16:59:05.420 [AsyncHttpClient-1-2] DEBUG io.netty.util.Recycler - -Dio.netty.recycler.ratio: 8
16:59:05.420 [AsyncHttpClient-1-2] DEBUG io.netty.util.Recycler - -Dio.netty.recycler.chunkSize: 32
16:59:05.422 [AsyncHttpClient-1-2] DEBUG io.netty.util.Recycler - -Dio.netty.recycler.blocking: false
16:59:13.338 [AsyncHttpClient-1-2] DEBUG io.netty.handler.codec.compression.Brotli - brotli4j not in the classpath; Brotli support will be unavailable.
16:59:15.350 [main] DEBUG io.netty.util.internal.ThreadLocalRandom - -Dio.netty.initialSeedUniquifier: 0xed11131cfc00d7f5
16:59:16.436 [main] INFO  testCases.TC_001_AccountRegistration -  Starting TC_001_AccountRegistration 
16:59:30.347 [main] INFO  testCases.TC_001_AccountRegistration - Home Page Displayed 
16:59:37.530 [main] FATAL testCases.TC_001_AccountRegistration - Account Registration Failed 
17:01:25.471 [main] DEBUG io.netty.util.internal.logging.InternalLoggerFactory - Using Log4J2 as the default logging framework
17:01:25.538 [main] DEBUG io.netty.util.ResourceLeakDetector - -Dio.netty.leakDetection.level: simple
17:01:25.539 [main] DEBUG io.netty.util.ResourceLeakDetector - -Dio.netty.leakDetection.targetRecords: 4
17:01:25.577 [main] DEBUG io.netty.util.ResourceLeakDetectorFactory - Loaded default ResourceLeakDetector: io.netty.util.ResourceLeakDetector@79d743e6
17:01:25.739 [main] DEBUG io.netty.util.internal.PlatformDependent0 - -Dio.netty.noUnsafe: false
17:01:25.740 [main] DEBUG io.netty.util.internal.PlatformDependent0 - Java version: 17
17:01:25.744 [main] DEBUG io.netty.util.internal.PlatformDependent0 - sun.misc.Unsafe.theUnsafe: available
17:01:25.746 [main] DEBUG io.netty.util.internal.PlatformDependent0 - sun.misc.Unsafe.copyMemory: available
17:01:25.748 [main] DEBUG io.netty.util.internal.PlatformDependent0 - java.nio.Buffer.address: available
17:01:25.763 [main] DEBUG io.netty.util.internal.PlatformDependent0 - direct buffer constructor: unavailable
java.lang.UnsupportedOperationException: Reflective setAccessible(true) disabled
	at io.netty.util.internal.ReflectionUtil.trySetAccessible(ReflectionUtil.java:31) ~[netty-common-4.1.76.Final.jar:4.1.76.Final]
	at io.netty.util.internal.PlatformDependent0$4.run(PlatformDependent0.java:253) ~[netty-common-4.1.76.Final.jar:4.1.76.Final]
	at java.security.AccessController.doPrivileged(AccessController.java:318) ~[?:?]
	at io.netty.util.internal.PlatformDependent0.<clinit>(PlatformDependent0.java:247) ~[netty-common-4.1.76.Final.jar:4.1.76.Final]
	at io.netty.util.internal.PlatformDependent.isAndroid(PlatformDependent.java:294) ~[netty-common-4.1.76.Final.jar:4.1.76.Final]
	at io.netty.util.internal.PlatformDependent.<clinit>(PlatformDependent.java:88) ~[netty-common-4.1.76.Final.jar:4.1.76.Final]
	at io.netty.util.HashedWheelTimer.<init>(HashedWheelTimer.java:114) ~[netty-common-4.1.76.Final.jar:4.1.76.Final]
	at io.netty.util.HashedWheelTimer.<init>(HashedWheelTimer.java:251) ~[netty-common-4.1.76.Final.jar:4.1.76.Final]
	at io.netty.util.HashedWheelTimer.<init>(HashedWheelTimer.java:224) ~[netty-common-4.1.76.Final.jar:4.1.76.Final]
	at io.netty.util.HashedWheelTimer.<init>(HashedWheelTimer.java:203) ~[netty-common-4.1.76.Final.jar:4.1.76.Final]
	at org.asynchttpclient.DefaultAsyncHttpClient.newNettyTimer(DefaultAsyncHttpClient.java:111) ~[async-http-client-2.12.3.jar:?]
	at org.asynchttpclient.DefaultAsyncHttpClient.<init>(DefaultAsyncHttpClient.java:90) ~[async-http-client-2.12.3.jar:?]
	at org.asynchttpclient.Dsl.asyncHttpClient(Dsl.java:32) ~[async-http-client-2.12.3.jar:?]
	at org.openqa.selenium.remote.http.netty.NettyClient.createHttpClient(NettyClient.java:92) ~[selenium-remote-driver-4.1.4.jar:?]
	at org.openqa.selenium.remote.http.netty.NettyClient.<clinit>(NettyClient.java:47) ~[selenium-remote-driver-4.1.4.jar:?]
	at org.openqa.selenium.remote.http.netty.NettyClient$Factory.createClient(NettyClient.java:133) ~[selenium-remote-driver-4.1.4.jar:?]
	at org.openqa.selenium.remote.HttpCommandExecutor.<init>(HttpCommandExecutor.java:107) ~[selenium-remote-driver-4.1.4.jar:?]
	at org.openqa.selenium.remote.HttpCommandExecutor.<init>(HttpCommandExecutor.java:94) ~[selenium-remote-driver-4.1.4.jar:?]
	at org.openqa.selenium.remote.HttpCommandExecutor.<init>(HttpCommandExecutor.java:85) ~[selenium-remote-driver-4.1.4.jar:?]
	at org.openqa.selenium.remote.service.DriverCommandExecutor.<init>(DriverCommandExecutor.java:80) ~[selenium-remote-driver-4.1.4.jar:?]
	at org.openqa.selenium.chromium.ChromiumDriverCommandExecutor.<init>(ChromiumDriverCommandExecutor.java:35) ~[selenium-chromium-driver-4.1.4.jar:?]
	at org.openqa.selenium.chrome.ChromeDriver$ChromeDriverCommandExecutor.<init>(ChromeDriver.java:118) ~[selenium-chrome-driver-4.1.4.jar:?]
	at org.openqa.selenium.chrome.ChromeDriver.<init>(ChromeDriver.java:106) ~[selenium-chrome-driver-4.1.4.jar:?]
	at org.openqa.selenium.chrome.ChromeDriver.<init>(ChromeDriver.java:93) ~[selenium-chrome-driver-4.1.4.jar:?]
	at org.openqa.selenium.chrome.ChromeDriver.<init>(ChromeDriver.java:48) ~[selenium-chrome-driver-4.1.4.jar:?]
	at testBase.BaseClass.setup(BaseClass.java:28) ~[test-classes/:?]
	at jdk.internal.reflect.NativeMethodAccessorImpl.invoke0(Native Method) ~[?:?]
	at jdk.internal.reflect.NativeMethodAccessorImpl.invoke(NativeMethodAccessorImpl.java:77) ~[?:?]
	at jdk.internal.reflect.DelegatingMethodAccessorImpl.invoke(DelegatingMethodAccessorImpl.java:43) ~[?:?]
	at java.lang.reflect.Method.invoke(Method.java:568) ~[?:?]
	at org.testng.internal.MethodInvocationHelper.invokeMethod(MethodInvocationHelper.java:133) ~[org.testng_7.4.0.r202105021533.jar:7.4.0]
	at org.testng.internal.MethodInvocationHelper.invokeMethodConsideringTimeout(MethodInvocationHelper.java:62) ~[org.testng_7.4.0.r202105021533.jar:7.4.0]
	at org.testng.internal.ConfigInvoker.invokeConfigurationMethod(ConfigInvoker.java:385) ~[org.testng_7.4.0.r202105021533.jar:7.4.0]
	at org.testng.internal.ConfigInvoker.invokeConfigurations(ConfigInvoker.java:321) ~[org.testng_7.4.0.r202105021533.jar:7.4.0]
	at org.testng.internal.TestMethodWorker.invokeBeforeClassMethods(TestMethodWorker.java:176) ~[org.testng_7.4.0.r202105021533.jar:7.4.0]
	at org.testng.internal.TestMethodWorker.run(TestMethodWorker.java:122) ~[org.testng_7.4.0.r202105021533.jar:7.4.0]
	at java.util.ArrayList.forEach(ArrayList.java:1511) ~[?:?]
	at org.testng.TestRunner.privateRun(TestRunner.java:794) ~[org.testng_7.4.0.r202105021533.jar:7.4.0]
	at org.testng.TestRunner.run(TestRunner.java:596) ~[org.testng_7.4.0.r202105021533.jar:7.4.0]
	at org.testng.SuiteRunner.runTest(SuiteRunner.java:377) ~[org.testng_7.4.0.r202105021533.jar:7.4.0]
	at org.testng.SuiteRunner.runSequentially(SuiteRunner.java:371) ~[org.testng_7.4.0.r202105021533.jar:7.4.0]
	at org.testng.SuiteRunner.privateRun(SuiteRunner.java:332) ~[org.testng_7.4.0.r202105021533.jar:7.4.0]
	at org.testng.SuiteRunner.run(SuiteRunner.java:276) ~[org.testng_7.4.0.r202105021533.jar:7.4.0]
	at org.testng.SuiteRunnerWorker.runSuite(SuiteRunnerWorker.java:53) ~[org.testng_7.4.0.r202105021533.jar:7.4.0]
	at org.testng.SuiteRunnerWorker.run(SuiteRunnerWorker.java:96) ~[org.testng_7.4.0.r202105021533.jar:7.4.0]
	at org.testng.TestNG.runSuitesSequentially(TestNG.java:1212) ~[org.testng_7.4.0.r202105021533.jar:7.4.0]
	at org.testng.TestNG.runSuitesLocally(TestNG.java:1134) ~[org.testng_7.4.0.r202105021533.jar:7.4.0]
	at org.testng.TestNG.runSuites(TestNG.java:1063) ~[org.testng_7.4.0.r202105021533.jar:7.4.0]
	at org.testng.TestNG.run(TestNG.java:1031) ~[org.testng_7.4.0.r202105021533.jar:7.4.0]
	at org.testng.remote.AbstractRemoteTestNG.run(AbstractRemoteTestNG.java:115) ~[testng-remote.jar:?]
	at org.testng.remote.RemoteTestNG.initAndRun(RemoteTestNG.java:251) ~[testng-remote.jar:?]
	at org.testng.remote.RemoteTestNG.main(RemoteTestNG.java:77) ~[testng-remote.jar:?]
17:01:25.827 [main] DEBUG io.netty.util.internal.PlatformDependent0 - java.nio.Bits.unaligned: available, true
17:01:25.830 [main] DEBUG io.netty.util.internal.PlatformDependent0 - jdk.internal.misc.Unsafe.allocateUninitializedArray(int): unavailable
java.lang.IllegalAccessException: class io.netty.util.internal.PlatformDependent0$6 cannot access class jdk.internal.misc.Unsafe (in module java.base) because module java.base does not export jdk.internal.misc to unnamed module @9f70c54
	at jdk.internal.reflect.Reflection.newIllegalAccessException(Reflection.java:392) ~[?:?]
	at java.lang.reflect.AccessibleObject.checkAccess(AccessibleObject.java:674) ~[?:?]
	at java.lang.reflect.Method.invoke(Method.java:560) ~[?:?]
	at io.netty.util.internal.PlatformDependent0$6.run(PlatformDependent0.java:375) ~[netty-common-4.1.76.Final.jar:4.1.76.Final]
	at java.security.AccessController.doPrivileged(AccessController.java:318) ~[?:?]
	at io.netty.util.internal.PlatformDependent0.<clinit>(PlatformDependent0.java:366) ~[netty-common-4.1.76.Final.jar:4.1.76.Final]
	at io.netty.util.internal.PlatformDependent.isAndroid(PlatformDependent.java:294) ~[netty-common-4.1.76.Final.jar:4.1.76.Final]
	at io.netty.util.internal.PlatformDependent.<clinit>(PlatformDependent.java:88) ~[netty-common-4.1.76.Final.jar:4.1.76.Final]
	at io.netty.util.HashedWheelTimer.<init>(HashedWheelTimer.java:114) ~[netty-common-4.1.76.Final.jar:4.1.76.Final]
	at io.netty.util.HashedWheelTimer.<init>(HashedWheelTimer.java:251) ~[netty-common-4.1.76.Final.jar:4.1.76.Final]
	at io.netty.util.HashedWheelTimer.<init>(HashedWheelTimer.java:224) ~[netty-common-4.1.76.Final.jar:4.1.76.Final]
	at io.netty.util.HashedWheelTimer.<init>(HashedWheelTimer.java:203) ~[netty-common-4.1.76.Final.jar:4.1.76.Final]
	at org.asynchttpclient.DefaultAsyncHttpClient.newNettyTimer(DefaultAsyncHttpClient.java:111) ~[async-http-client-2.12.3.jar:?]
	at org.asynchttpclient.DefaultAsyncHttpClient.<init>(DefaultAsyncHttpClient.java:90) ~[async-http-client-2.12.3.jar:?]
	at org.asynchttpclient.Dsl.asyncHttpClient(Dsl.java:32) ~[async-http-client-2.12.3.jar:?]
	at org.openqa.selenium.remote.http.netty.NettyClient.createHttpClient(NettyClient.java:92) ~[selenium-remote-driver-4.1.4.jar:?]
	at org.openqa.selenium.remote.http.netty.NettyClient.<clinit>(NettyClient.java:47) ~[selenium-remote-driver-4.1.4.jar:?]
	at org.openqa.selenium.remote.http.netty.NettyClient$Factory.createClient(NettyClient.java:133) ~[selenium-remote-driver-4.1.4.jar:?]
	at org.openqa.selenium.remote.HttpCommandExecutor.<init>(HttpCommandExecutor.java:107) ~[selenium-remote-driver-4.1.4.jar:?]
	at org.openqa.selenium.remote.HttpCommandExecutor.<init>(HttpCommandExecutor.java:94) ~[selenium-remote-driver-4.1.4.jar:?]
	at org.openqa.selenium.remote.HttpCommandExecutor.<init>(HttpCommandExecutor.java:85) ~[selenium-remote-driver-4.1.4.jar:?]
	at org.openqa.selenium.remote.service.DriverCommandExecutor.<init>(DriverCommandExecutor.java:80) ~[selenium-remote-driver-4.1.4.jar:?]
	at org.openqa.selenium.chromium.ChromiumDriverCommandExecutor.<init>(ChromiumDriverCommandExecutor.java:35) ~[selenium-chromium-driver-4.1.4.jar:?]
	at org.openqa.selenium.chrome.ChromeDriver$ChromeDriverCommandExecutor.<init>(ChromeDriver.java:118) ~[selenium-chrome-driver-4.1.4.jar:?]
	at org.openqa.selenium.chrome.ChromeDriver.<init>(ChromeDriver.java:106) ~[selenium-chrome-driver-4.1.4.jar:?]
	at org.openqa.selenium.chrome.ChromeDriver.<init>(ChromeDriver.java:93) ~[selenium-chrome-driver-4.1.4.jar:?]
	at org.openqa.selenium.chrome.ChromeDriver.<init>(ChromeDriver.java:48) ~[selenium-chrome-driver-4.1.4.jar:?]
	at testBase.BaseClass.setup(BaseClass.java:28) ~[test-classes/:?]
	at jdk.internal.reflect.NativeMethodAccessorImpl.invoke0(Native Method) ~[?:?]
	at jdk.internal.reflect.NativeMethodAccessorImpl.invoke(NativeMethodAccessorImpl.java:77) ~[?:?]
	at jdk.internal.reflect.DelegatingMethodAccessorImpl.invoke(DelegatingMethodAccessorImpl.java:43) ~[?:?]
	at java.lang.reflect.Method.invoke(Method.java:568) ~[?:?]
	at org.testng.internal.MethodInvocationHelper.invokeMethod(MethodInvocationHelper.java:133) ~[org.testng_7.4.0.r202105021533.jar:7.4.0]
	at org.testng.internal.MethodInvocationHelper.invokeMethodConsideringTimeout(MethodInvocationHelper.java:62) ~[org.testng_7.4.0.r202105021533.jar:7.4.0]
	at org.testng.internal.ConfigInvoker.invokeConfigurationMethod(ConfigInvoker.java:385) ~[org.testng_7.4.0.r202105021533.jar:7.4.0]
	at org.testng.internal.ConfigInvoker.invokeConfigurations(ConfigInvoker.java:321) ~[org.testng_7.4.0.r202105021533.jar:7.4.0]
	at org.testng.internal.TestMethodWorker.invokeBeforeClassMethods(TestMethodWorker.java:176) ~[org.testng_7.4.0.r202105021533.jar:7.4.0]
	at org.testng.internal.TestMethodWorker.run(TestMethodWorker.java:122) ~[org.testng_7.4.0.r202105021533.jar:7.4.0]
	at java.util.ArrayList.forEach(ArrayList.java:1511) ~[?:?]
	at org.testng.TestRunner.privateRun(TestRunner.java:794) ~[org.testng_7.4.0.r202105021533.jar:7.4.0]
	at org.testng.TestRunner.run(TestRunner.java:596) ~[org.testng_7.4.0.r202105021533.jar:7.4.0]
	at org.testng.SuiteRunner.runTest(SuiteRunner.java:377) ~[org.testng_7.4.0.r202105021533.jar:7.4.0]
	at org.testng.SuiteRunner.runSequentially(SuiteRunner.java:371) ~[org.testng_7.4.0.r202105021533.jar:7.4.0]
	at org.testng.SuiteRunner.privateRun(SuiteRunner.java:332) ~[org.testng_7.4.0.r202105021533.jar:7.4.0]
	at org.testng.SuiteRunner.run(SuiteRunner.java:276) ~[org.testng_7.4.0.r202105021533.jar:7.4.0]
	at org.testng.SuiteRunnerWorker.runSuite(SuiteRunnerWorker.java:53) ~[org.testng_7.4.0.r202105021533.jar:7.4.0]
	at org.testng.SuiteRunnerWorker.run(SuiteRunnerWorker.java:96) ~[org.testng_7.4.0.r202105021533.jar:7.4.0]
	at org.testng.TestNG.runSuitesSequentially(TestNG.java:1212) ~[org.testng_7.4.0.r202105021533.jar:7.4.0]
	at org.testng.TestNG.runSuitesLocally(TestNG.java:1134) ~[org.testng_7.4.0.r202105021533.jar:7.4.0]
	at org.testng.TestNG.runSuites(TestNG.java:1063) ~[org.testng_7.4.0.r202105021533.jar:7.4.0]
	at org.testng.TestNG.run(TestNG.java:1031) ~[org.testng_7.4.0.r202105021533.jar:7.4.0]
	at org.testng.remote.AbstractRemoteTestNG.run(AbstractRemoteTestNG.java:115) ~[testng-remote.jar:?]
	at org.testng.remote.RemoteTestNG.initAndRun(RemoteTestNG.java:251) ~[testng-remote.jar:?]
	at org.testng.remote.RemoteTestNG.main(RemoteTestNG.java:77) ~[testng-remote.jar:?]
17:01:25.840 [main] DEBUG io.netty.util.internal.PlatformDependent0 - java.nio.DirectByteBuffer.<init>(long, int): unavailable
17:01:25.842 [main] DEBUG io.netty.util.internal.PlatformDependent - sun.misc.Unsafe: available
17:01:25.843 [main] DEBUG io.netty.util.internal.PlatformDependent - maxDirectMemory: 1048576000 bytes (maybe)
17:01:25.844 [main] DEBUG io.netty.util.internal.PlatformDependent - -Dio.netty.tmpdir: C:\Users\ADMIN\AppData\Local\Temp (java.io.tmpdir)
17:01:25.845 [main] DEBUG io.netty.util.internal.PlatformDependent - -Dio.netty.bitMode: 64 (sun.arch.data.model)
17:01:25.846 [main] DEBUG io.netty.util.internal.PlatformDependent - Platform: Windows
17:01:25.848 [main] DEBUG io.netty.util.internal.PlatformDependent - -Dio.netty.maxDirectMemory: -1 bytes
17:01:25.849 [main] DEBUG io.netty.util.internal.PlatformDependent - -Dio.netty.uninitializedArrayAllocationThreshold: -1
17:01:25.861 [main] DEBUG io.netty.util.internal.CleanerJava9 - java.nio.ByteBuffer.cleaner(): available
17:01:25.863 [main] DEBUG io.netty.util.internal.PlatformDependent - -Dio.netty.noPreferDirect: false
17:01:25.929 [main] DEBUG io.netty.util.internal.PlatformDependent - org.jctools-core.MpscChunkedArrayQueue: available
17:01:26.062 [main] DEBUG io.netty.util.internal.InternalThreadLocalMap - -Dio.netty.threadLocalMap.stringBuilder.initialSize: 1024
17:01:26.064 [main] DEBUG io.netty.util.internal.InternalThreadLocalMap - -Dio.netty.threadLocalMap.stringBuilder.maxSize: 4096
17:01:26.483 [main] DEBUG io.netty.handler.ssl.JdkSslContext - Default protocols (JDK): [TLSv1.3, TLSv1.2] 
17:01:26.489 [main] DEBUG io.netty.handler.ssl.JdkSslContext - Default cipher suites (JDK): [TLS_ECDHE_ECDSA_WITH_AES_256_GCM_SHA384, TLS_ECDHE_ECDSA_WITH_AES_128_GCM_SHA256, TLS_ECDHE_RSA_WITH_AES_128_GCM_SHA256, TLS_ECDHE_RSA_WITH_AES_256_GCM_SHA384, TLS_ECDHE_RSA_WITH_AES_128_CBC_SHA, TLS_ECDHE_RSA_WITH_AES_256_CBC_SHA, TLS_RSA_WITH_AES_128_GCM_SHA256, TLS_RSA_WITH_AES_128_CBC_SHA, TLS_RSA_WITH_AES_256_CBC_SHA, TLS_AES_128_GCM_SHA256, TLS_AES_256_GCM_SHA384]
17:01:26.730 [main] DEBUG io.netty.channel.MultithreadEventLoopGroup - -Dio.netty.eventLoopThreads: 4
17:01:26.795 [main] DEBUG io.netty.channel.nio.NioEventLoop - -Dio.netty.noKeySetOptimization: false
17:01:26.796 [main] DEBUG io.netty.channel.nio.NioEventLoop - -Dio.netty.selectorAutoRebuildThreshold: 512
17:01:26.888 [main] TRACE io.netty.channel.nio.NioEventLoop - instrumented a special java.util.Set into: sun.nio.ch.WEPollSelectorImpl@4defd42
17:01:26.899 [main] TRACE io.netty.channel.nio.NioEventLoop - instrumented a special java.util.Set into: sun.nio.ch.WEPollSelectorImpl@706eab5d
17:01:26.920 [main] TRACE io.netty.channel.nio.NioEventLoop - instrumented a special java.util.Set into: sun.nio.ch.WEPollSelectorImpl@72725ee1
17:01:26.928 [main] TRACE io.netty.channel.nio.NioEventLoop - instrumented a special java.util.Set into: sun.nio.ch.WEPollSelectorImpl@40e60ece
17:01:27.075 [main] DEBUG io.netty.buffer.PooledByteBufAllocator - -Dio.netty.allocator.numHeapArenas: 4
17:01:27.076 [main] DEBUG io.netty.buffer.PooledByteBufAllocator - -Dio.netty.allocator.numDirectArenas: 4
17:01:27.076 [main] DEBUG io.netty.buffer.PooledByteBufAllocator - -Dio.netty.allocator.pageSize: 8192
17:01:27.076 [main] DEBUG io.netty.buffer.PooledByteBufAllocator - -Dio.netty.allocator.maxOrder: 9
17:01:27.077 [main] DEBUG io.netty.buffer.PooledByteBufAllocator - -Dio.netty.allocator.chunkSize: 4194304
17:01:27.077 [main] DEBUG io.netty.buffer.PooledByteBufAllocator - -Dio.netty.allocator.smallCacheSize: 256
17:01:27.077 [main] DEBUG io.netty.buffer.PooledByteBufAllocator - -Dio.netty.allocator.normalCacheSize: 64
17:01:27.079 [main] DEBUG io.netty.buffer.PooledByteBufAllocator - -Dio.netty.allocator.maxCachedBufferCapacity: 32768
17:01:27.079 [main] DEBUG io.netty.buffer.PooledByteBufAllocator - -Dio.netty.allocator.cacheTrimInterval: 8192
17:01:27.079 [main] DEBUG io.netty.buffer.PooledByteBufAllocator - -Dio.netty.allocator.cacheTrimIntervalMillis: 0
17:01:27.080 [main] DEBUG io.netty.buffer.PooledByteBufAllocator - -Dio.netty.allocator.useCacheForAllThreads: false
17:01:27.080 [main] DEBUG io.netty.buffer.PooledByteBufAllocator - -Dio.netty.allocator.maxCachedByteBuffersPerChunk: 1023
17:01:27.145 [main] DEBUG io.netty.buffer.ByteBufUtil - -Dio.netty.allocator.type: pooled
17:01:27.145 [main] DEBUG io.netty.buffer.ByteBufUtil - -Dio.netty.threadLocalDirectBufferSize: 0
17:01:27.146 [main] DEBUG io.netty.buffer.ByteBufUtil - -Dio.netty.maxThreadLocalCharBufferSize: 16384
17:01:32.354 [Forwarding newSession on session null to remote] DEBUG io.netty.channel.DefaultChannelId - -Dio.netty.processId: 8060 (auto-detected)
17:01:32.364 [Forwarding newSession on session null to remote] DEBUG io.netty.util.NetUtil - -Djava.net.preferIPv4Stack: false
17:01:32.364 [Forwarding newSession on session null to remote] DEBUG io.netty.util.NetUtil - -Djava.net.preferIPv6Addresses: false
17:01:32.587 [Forwarding newSession on session null to remote] DEBUG io.netty.util.NetUtilInitializations - Loopback interface: lo (Software Loopback Interface 1, 127.0.0.1)
17:01:32.613 [Forwarding newSession on session null to remote] DEBUG io.netty.util.NetUtil - Failed to get SOMAXCONN from sysctl and file \proc\sys\net\core\somaxconn. Default: 200
17:01:32.813 [Forwarding newSession on session null to remote] DEBUG io.netty.channel.DefaultChannelId - -Dio.netty.machineId: 00:21:00:ff:fe:4d:19:ac (auto-detected)
17:01:33.218 [AsyncHttpClient-1-2] DEBUG io.netty.buffer.AbstractByteBuf - -Dio.netty.buffer.checkAccessible: true
17:01:33.220 [AsyncHttpClient-1-2] DEBUG io.netty.buffer.AbstractByteBuf - -Dio.netty.buffer.checkBounds: true
17:01:33.237 [AsyncHttpClient-1-2] DEBUG io.netty.util.ResourceLeakDetectorFactory - Loaded default ResourceLeakDetector: io.netty.util.ResourceLeakDetector@241f49fd
17:01:33.416 [AsyncHttpClient-1-2] DEBUG io.netty.util.Recycler - -Dio.netty.recycler.maxCapacityPerThread: 4096
17:01:33.417 [AsyncHttpClient-1-2] DEBUG io.netty.util.Recycler - -Dio.netty.recycler.ratio: 8
17:01:33.417 [AsyncHttpClient-1-2] DEBUG io.netty.util.Recycler - -Dio.netty.recycler.chunkSize: 32
17:01:33.417 [AsyncHttpClient-1-2] DEBUG io.netty.util.Recycler - -Dio.netty.recycler.blocking: false
17:01:39.774 [AsyncHttpClient-1-2] DEBUG io.netty.handler.codec.compression.Brotli - brotli4j not in the classpath; Brotli support will be unavailable.
17:01:41.097 [main] DEBUG io.netty.util.internal.ThreadLocalRandom - -Dio.netty.initialSeedUniquifier: 0x717da39688b3ede0
17:01:42.169 [main] INFO  testCases.TC_001_AccountRegistration -  Starting TC_001_AccountRegistration 
17:02:18.525 [main] INFO  testCases.TC_001_AccountRegistration - Home Page Displayed 
17:02:20.258 [main] INFO  testCases.TC_001_AccountRegistration - Clicked on My Account 
17:02:27.314 [main] INFO  testCases.TC_001_AccountRegistration - Clicked on Register 
17:02:27.778 [main] INFO  testCases.TC_001_AccountRegistration - Provided First Name 
17:02:28.178 [main] INFO  testCases.TC_001_AccountRegistration - Provided Last Name 
17:02:28.637 [main] INFO  testCases.TC_001_AccountRegistration - Provided Email 
17:02:28.931 [main] INFO  testCases.TC_001_AccountRegistration - Provided Telephone 
17:02:29.351 [main] INFO  testCases.TC_001_AccountRegistration - Provided Password 
17:02:29.856 [main] INFO  testCases.TC_001_AccountRegistration - Provided Confrmed Password 
17:02:30.073 [main] INFO  testCases.TC_001_AccountRegistration - Set Privacy Policy 
17:02:35.533 [main] INFO  testCases.TC_001_AccountRegistration - Clicked on Continue 
17:02:35.652 [main] INFO  testCases.TC_001_AccountRegistration - Account Registration Success 
17:02:35.656 [main] INFO  testCases.TC_001_AccountRegistration -  Finished TC_001_AccountRegistration 
17:02:35.700 [AsyncHttpClient-1-4] TRACE io.netty.handler.codec.http.websocketx.WebSocket08FrameEncoder - Encoding WebSocket Frame opCode=8 length=26
17:07:08.576 [main] INFO  testCases.TC_001_AccountRegistration -  Starting TC_001_AccountRegistration 
17:07:17.788 [main] INFO  testCases.TC_001_AccountRegistration - Home Page Displayed 
17:07:19.065 [main] INFO  testCases.TC_001_AccountRegistration - Clicked on My Account 
17:07:21.553 [main] INFO  testCases.TC_001_AccountRegistration - Clicked on Register 
17:07:21.910 [main] INFO  testCases.TC_001_AccountRegistration - Provided First Name 
17:07:22.318 [main] INFO  testCases.TC_001_AccountRegistration - Provided Last Name 
17:07:22.768 [main] INFO  testCases.TC_001_AccountRegistration - Provided Email 
17:07:23.156 [main] INFO  testCases.TC_001_AccountRegistration - Provided Telephone 
17:07:23.633 [main] INFO  testCases.TC_001_AccountRegistration - Provided Password 
17:07:24.081 [main] INFO  testCases.TC_001_AccountRegistration - Provided Confrmed Password 
17:07:24.416 [main] INFO  testCases.TC_001_AccountRegistration - Set Privacy Policy 
17:07:29.035 [main] INFO  testCases.TC_001_AccountRegistration - Clicked on Continue 
17:07:29.162 [main] INFO  testCases.TC_001_AccountRegistration - Account Registration Success 
17:07:29.167 [main] INFO  testCases.TC_001_AccountRegistration -  Finished TC_001_AccountRegistration 
18:41:45.264 [TestNG-tests-1] INFO  testCases.TC_001_AccountRegistration - Launched Chrome Browser
18:41:45.409 [TestNG-tests-1] INFO  testCases.TC_001_AccountRegistration -  Starting TC_001_AccountRegistration 
18:41:52.124 [TestNG-tests-1] INFO  testCases.TC_001_AccountRegistration - Home Page Displayed 
18:41:55.169 [TestNG-tests-1] INFO  testCases.TC_001_AccountRegistration - Clicked on My Account 
18:41:57.738 [TestNG-tests-2] INFO  testCases.TC_001_AccountRegistration - Launched Firefox Browser
18:41:57.791 [TestNG-tests-2] INFO  testCases.TC_001_AccountRegistration -  Starting TC_001_AccountRegistration 
18:42:04.635 [TestNG-tests-1] INFO  testCases.TC_001_AccountRegistration - Clicked on Register 
18:42:05.054 [TestNG-tests-1] INFO  testCases.TC_001_AccountRegistration - Provided First Name 
18:42:05.434 [TestNG-tests-1] INFO  testCases.TC_001_AccountRegistration - Provided Last Name 
18:42:05.885 [TestNG-tests-1] INFO  testCases.TC_001_AccountRegistration - Provided Email 
18:42:06.273 [TestNG-tests-1] INFO  testCases.TC_001_AccountRegistration - Provided Telephone 
18:42:06.556 [TestNG-tests-1] INFO  testCases.TC_001_AccountRegistration - Provided Password 
18:42:06.978 [TestNG-tests-1] INFO  testCases.TC_001_AccountRegistration - Provided Confrmed Password 
18:42:07.184 [TestNG-tests-1] INFO  testCases.TC_001_AccountRegistration - Set Privacy Policy 
18:42:12.446 [TestNG-tests-2] INFO  testCases.TC_001_AccountRegistration - Home Page Displayed 
18:42:13.232 [TestNG-tests-2] INFO  testCases.TC_001_AccountRegistration - Clicked on My Account 
18:42:14.456 [TestNG-tests-1] INFO  testCases.TC_001_AccountRegistration - Clicked on Continue 
18:42:14.726 [TestNG-tests-1] INFO  testCases.TC_001_AccountRegistration - Account Registration Success 
18:42:14.731 [TestNG-tests-1] INFO  testCases.TC_001_AccountRegistration -  Finished TC_001_AccountRegistration 
18:42:16.813 [TestNG-tests-2] INFO  testCases.TC_001_AccountRegistration - Clicked on Register 
18:42:17.109 [TestNG-tests-2] INFO  testCases.TC_001_AccountRegistration - Provided First Name 
18:42:17.380 [TestNG-tests-2] INFO  testCases.TC_001_AccountRegistration - Provided Last Name 
18:42:17.705 [TestNG-tests-2] INFO  testCases.TC_001_AccountRegistration - Provided Email 
18:42:17.936 [TestNG-tests-2] INFO  testCases.TC_001_AccountRegistration - Provided Telephone 
18:42:18.086 [TestNG-tests-2] INFO  testCases.TC_001_AccountRegistration - Provided Password 
18:42:18.355 [TestNG-tests-2] INFO  testCases.TC_001_AccountRegistration - Provided Confrmed Password 
18:42:18.726 [TestNG-tests-2] INFO  testCases.TC_001_AccountRegistration - Set Privacy Policy 
18:42:23.486 [TestNG-tests-2] INFO  testCases.TC_001_AccountRegistration - Clicked on Continue 
18:42:23.698 [TestNG-tests-2] INFO  testCases.TC_001_AccountRegistration - Account Registration Success 
18:42:23.698 [TestNG-tests-2] INFO  testCases.TC_001_AccountRegistration -  Finished TC_001_AccountRegistration 
18:42:34.042 [TestNG-tests-1] INFO  testCases.TC_001_AccountRegistration - Launched Firefox Browser
18:42:34.169 [TestNG-tests-1] INFO  testCases.TC_001_AccountRegistration -  Starting TC_001_AccountRegistration 
18:42:38.097 [TestNG-tests-1] INFO  testCases.TC_001_AccountRegistration - Home Page Displayed 
18:42:38.805 [TestNG-tests-1] INFO  testCases.TC_001_AccountRegistration - Clicked on My Account 
18:42:40.548 [TestNG-tests-1] INFO  testCases.TC_001_AccountRegistration - Clicked on Register 
18:42:40.696 [TestNG-tests-1] INFO  testCases.TC_001_AccountRegistration - Provided First Name 
18:42:40.848 [TestNG-tests-1] INFO  testCases.TC_001_AccountRegistration - Provided Last Name 
18:42:41.058 [TestNG-tests-1] INFO  testCases.TC_001_AccountRegistration - Provided Email 
18:42:41.160 [TestNG-tests-1] INFO  testCases.TC_001_AccountRegistration - Provided Telephone 
18:42:41.240 [TestNG-tests-1] INFO  testCases.TC_001_AccountRegistration - Provided Password 
18:42:41.367 [TestNG-tests-1] INFO  testCases.TC_001_AccountRegistration - Provided Confrmed Password 
18:42:41.686 [TestNG-tests-1] INFO  testCases.TC_001_AccountRegistration - Set Privacy Policy 
18:42:45.264 [TestNG-tests-1] INFO  testCases.TC_001_AccountRegistration - Clicked on Continue 
18:42:45.342 [TestNG-tests-1] INFO  testCases.TC_001_AccountRegistration - Account Registration Success 
18:42:45.342 [TestNG-tests-1] INFO  testCases.TC_001_AccountRegistration -  Finished TC_001_AccountRegistration 
19:13:37.966 [main] INFO  testCases.TC_001_AccountRegistration - Launched Chrome Browser
19:13:38.288 [main] INFO  testCases.TC_001_AccountRegistration -  Starting TC_001_AccountRegistration 
19:13:43.059 [main] INFO  testCases.TC_001_AccountRegistration - Home Page Displayed 
19:13:43.751 [main] INFO  testCases.TC_001_AccountRegistration - Clicked on My Account 
19:13:46.924 [main] INFO  testCases.TC_001_AccountRegistration - Clicked on Register 
19:13:47.211 [main] INFO  testCases.TC_001_AccountRegistration - Provided First Name 
19:13:47.512 [main] INFO  testCases.TC_001_AccountRegistration - Provided Last Name 
19:13:47.835 [main] INFO  testCases.TC_001_AccountRegistration - Provided Email 
19:13:48.071 [main] INFO  testCases.TC_001_AccountRegistration - Provided Telephone 
19:13:48.372 [main] INFO  testCases.TC_001_AccountRegistration - Provided Password 
19:13:48.615 [main] INFO  testCases.TC_001_AccountRegistration - Provided Confrmed Password 
19:13:48.842 [main] INFO  testCases.TC_001_AccountRegistration - Set Privacy Policy 
19:13:52.964 [main] INFO  testCases.TC_001_AccountRegistration - Clicked on Continue 
19:13:53.084 [main] INFO  testCases.TC_001_AccountRegistration - Account Registration Success 
19:13:53.088 [main] INFO  testCases.TC_001_AccountRegistration -  Finished TC_001_AccountRegistration 
20:21:49.972 [main] INFO  testCases.TC_001_AccountRegistration - Launched Chrome Browser
20:21:51.763 [main] INFO  testCases.TC_001_AccountRegistration -  Starting TC_001_AccountRegistration 
20:22:02.223 [main] INFO  testCases.TC_001_AccountRegistration - Home Page Displayed 
20:22:02.948 [main] INFO  testCases.TC_001_AccountRegistration - Clicked on My Account 
20:22:05.268 [main] INFO  testCases.TC_001_AccountRegistration - Clicked on Register 
20:22:05.648 [main] INFO  testCases.TC_001_AccountRegistration - Provided First Name 
20:22:06.047 [main] INFO  testCases.TC_001_AccountRegistration - Provided Last Name 
20:22:06.495 [main] INFO  testCases.TC_001_AccountRegistration - Provided Email 
20:22:06.854 [main] INFO  testCases.TC_001_AccountRegistration - Provided Telephone 
20:22:07.195 [main] INFO  testCases.TC_001_AccountRegistration - Provided Password 
20:22:07.553 [main] INFO  testCases.TC_001_AccountRegistration - Provided Confrmed Password 
20:22:07.770 [main] INFO  testCases.TC_001_AccountRegistration - Set Privacy Policy 
20:22:12.369 [main] INFO  testCases.TC_001_AccountRegistration - Clicked on Continue 
20:22:12.477 [main] INFO  testCases.TC_001_AccountRegistration - Account Registration Success 
20:22:12.482 [main] INFO  testCases.TC_001_AccountRegistration -  Finished TC_001_AccountRegistration 
20:31:51.266 [main] INFO  testCases.TC_001_AccountRegistration - Launched Chrome Browser
20:31:51.368 [main] INFO  testCases.TC_001_AccountRegistration -  Starting TC_001_AccountRegistration 
20:31:53.663 [main] INFO  testCases.TC_001_AccountRegistration - Home Page Displayed 
20:31:54.632 [main] INFO  testCases.TC_001_AccountRegistration - Clicked on My Account 
20:31:56.784 [main] INFO  testCases.TC_001_AccountRegistration - Clicked on Register 
20:31:57.053 [main] INFO  testCases.TC_001_AccountRegistration - Provided First Name 
20:31:57.352 [main] INFO  testCases.TC_001_AccountRegistration - Provided Last Name 
20:31:57.626 [main] INFO  testCases.TC_001_AccountRegistration - Provided Email 
20:31:57.856 [main] INFO  testCases.TC_001_AccountRegistration - Provided Telephone 
20:31:58.140 [main] INFO  testCases.TC_001_AccountRegistration - Provided Password 
20:31:58.402 [main] INFO  testCases.TC_001_AccountRegistration - Provided Confrmed Password 
20:31:58.575 [main] INFO  testCases.TC_001_AccountRegistration - Set Privacy Policy 
20:32:02.358 [main] INFO  testCases.TC_001_AccountRegistration - Clicked on Continue 
20:32:02.498 [main] INFO  testCases.TC_001_AccountRegistration - Account Registration Success 
20:32:02.503 [main] INFO  testCases.TC_001_AccountRegistration -  Finished TC_001_AccountRegistration 
20:33:29.076 [main] INFO  testCases.TC_001_AccountRegistration - Launched Chrome Browser
20:33:29.174 [main] INFO  testCases.TC_001_AccountRegistration -  Starting TC_001_AccountRegistration 
20:33:31.430 [main] INFO  testCases.TC_001_AccountRegistration - Home Page Displayed 
20:33:32.007 [main] INFO  testCases.TC_001_AccountRegistration - Clicked on My Account 
20:33:33.757 [main] INFO  testCases.TC_001_AccountRegistration - Clicked on Register 
20:33:34.067 [main] INFO  testCases.TC_001_AccountRegistration - Provided First Name 
20:33:34.377 [main] INFO  testCases.TC_001_AccountRegistration - Provided Last Name 
20:33:34.625 [main] INFO  testCases.TC_001_AccountRegistration - Provided Email 
20:33:34.871 [main] INFO  testCases.TC_001_AccountRegistration - Provided Telephone 
20:33:35.103 [main] INFO  testCases.TC_001_AccountRegistration - Provided Password 
20:33:35.428 [main] INFO  testCases.TC_001_AccountRegistration - Provided Confrmed Password 
20:33:35.578 [main] INFO  testCases.TC_001_AccountRegistration - Set Privacy Policy 
20:33:35.851 [main] INFO  testCases.TC_001_AccountRegistration - Clicked on Continue 
20:33:45.983 [main] ERROR testCases.TC_001_AccountRegistration - Account Registration Failed 
23:30:35.593 [main] INFO  testCases.TC_001_AccountRegistration - Launched Chrome Browser
23:30:35.824 [main] INFO  testCases.TC_001_AccountRegistration -  Starting TC_001_AccountRegistration 
23:30:51.528 [main] FATAL testCases.TC_001_AccountRegistration - Account Registration Failed 
23:36:21.141 [main] INFO  testCases.TC_001_AccountRegistration - Launched Chrome Browser
23:36:21.233 [main] INFO  testCases.TC_001_AccountRegistration -  Starting TC_001_AccountRegistration 
23:36:31.303 [main] INFO  testCases.TC_001_AccountRegistration - Home Page Displayed 
23:36:31.912 [main] INFO  testCases.TC_001_AccountRegistration - Clicked on My Account 
23:36:34.375 [main] INFO  testCases.TC_001_AccountRegistration - Clicked on Register 
23:36:34.691 [main] INFO  testCases.TC_001_AccountRegistration - Provided First Name 
23:36:35.025 [main] INFO  testCases.TC_001_AccountRegistration - Provided Last Name 
23:36:35.364 [main] INFO  testCases.TC_001_AccountRegistration - Provided Email 
23:36:35.651 [main] INFO  testCases.TC_001_AccountRegistration - Provided Telephone 
23:36:35.966 [main] INFO  testCases.TC_001_AccountRegistration - Provided Password 
23:36:36.268 [main] INFO  testCases.TC_001_AccountRegistration - Provided Confrmed Password 
23:36:36.444 [main] INFO  testCases.TC_001_AccountRegistration - Set Privacy Policy 
23:36:45.235 [main] INFO  testCases.TC_001_AccountRegistration - Clicked on Continue 
23:36:45.581 [main] INFO  testCases.TC_001_AccountRegistration - Account Registration Success 
23:36:45.591 [main] INFO  testCases.TC_001_AccountRegistration -  Finished TC_001_AccountRegistration 
21:34:04.668 [main] INFO  testCases.TC_001_AccountRegistration - Launched Chrome Browser
21:34:04.835 [main] INFO  testCases.TC_001_AccountRegistration -  Starting TC_001_AccountRegistration 
21:34:07.469 [main] INFO  testCases.TC_001_AccountRegistration - Home Page Displayed 
21:34:08.059 [main] INFO  testCases.TC_001_AccountRegistration - Clicked on My Account 
21:34:11.071 [main] INFO  testCases.TC_001_AccountRegistration - Clicked on Register 
21:34:11.362 [main] INFO  testCases.TC_001_AccountRegistration - Provided First Name 
21:34:11.684 [main] INFO  testCases.TC_001_AccountRegistration - Provided Last Name 
21:34:11.967 [main] INFO  testCases.TC_001_AccountRegistration - Provided Email 
21:34:12.249 [main] INFO  testCases.TC_001_AccountRegistration - Provided Telephone 
21:34:12.509 [main] INFO  testCases.TC_001_AccountRegistration - Provided Password 
21:34:13.136 [main] INFO  testCases.TC_001_AccountRegistration - Provided Confrmed Password 
21:34:13.364 [main] INFO  testCases.TC_001_AccountRegistration - Set Privacy Policy 
21:34:17.378 [main] INFO  testCases.TC_001_AccountRegistration - Clicked on Continue 
21:34:17.469 [main] INFO  testCases.TC_001_AccountRegistration - Account Registration Success 
21:34:17.474 [main] INFO  testCases.TC_001_AccountRegistration -  Finished TC_001_AccountRegistration 
21:34:22.222 [main] INFO  testCases.TC_002_Login - Launched Chrome Browser
21:34:22.418 [main] INFO  testCases.TC_002_Login -  Starting TC_002_Login 
21:34:25.391 [main] INFO  testCases.TC_002_Login - Home Page Displayed 
21:34:25.836 [main] INFO  testCases.TC_002_Login - Clicked on My Account 
21:34:27.030 [main] INFO  testCases.TC_002_Login - Clicked on Login 
21:34:27.393 [main] INFO  testCases.TC_002_Login - email provide
21:34:27.394 [main] FATAL testCases.TC_002_Login - Login Failed 
21:41:48.724 [main] INFO  testCases.TC_001_AccountRegistration - Launched Chrome Browser
21:41:48.847 [main] INFO  testCases.TC_001_AccountRegistration -  Starting TC_001_AccountRegistration 
21:41:51.331 [main] INFO  testCases.TC_001_AccountRegistration - Home Page Displayed 
21:41:51.935 [main] INFO  testCases.TC_001_AccountRegistration - Clicked on My Account 
21:41:53.637 [main] INFO  testCases.TC_001_AccountRegistration - Clicked on Register 
21:41:53.892 [main] INFO  testCases.TC_001_AccountRegistration - Provided First Name 
21:41:54.175 [main] INFO  testCases.TC_001_AccountRegistration - Provided Last Name 
21:41:54.470 [main] INFO  testCases.TC_001_AccountRegistration - Provided Email 
21:41:54.718 [main] INFO  testCases.TC_001_AccountRegistration - Provided Telephone 
21:41:54.963 [main] INFO  testCases.TC_001_AccountRegistration - Provided Password 
21:41:55.259 [main] INFO  testCases.TC_001_AccountRegistration - Provided Confrmed Password 
21:41:55.389 [main] INFO  testCases.TC_001_AccountRegistration - Set Privacy Policy 
21:41:59.101 [main] INFO  testCases.TC_001_AccountRegistration - Clicked on Continue 
21:41:59.225 [main] INFO  testCases.TC_001_AccountRegistration - Account Registration Success 
21:41:59.230 [main] INFO  testCases.TC_001_AccountRegistration -  Finished TC_001_AccountRegistration 
21:42:03.310 [main] INFO  testCases.TC_002_Login - Launched Chrome Browser
21:42:03.339 [main] INFO  testCases.TC_002_Login -  Starting TC_002_Login 
21:42:06.305 [main] INFO  testCases.TC_002_Login - Home Page Displayed 
21:42:06.791 [main] INFO  testCases.TC_002_Login - Clicked on My Account 
21:42:08.068 [main] INFO  testCases.TC_002_Login - Clicked on Login 
21:42:08.464 [main] INFO  testCases.TC_002_Login - email provide
21:42:08.465 [main] ERROR testCases.TC_002_Login - Login Failed 
21:48:50.183 [main] INFO  testCases.TC_001_AccountRegistration - Launched Chrome Browser
21:48:50.311 [main] INFO  testCases.TC_001_AccountRegistration -  Starting TC_001_AccountRegistration 
21:48:52.369 [main] INFO  testCases.TC_001_AccountRegistration - Home Page Displayed 
21:48:52.958 [main] INFO  testCases.TC_001_AccountRegistration - Clicked on My Account 
21:48:54.148 [main] INFO  testCases.TC_001_AccountRegistration - Clicked on Register 
21:48:54.452 [main] INFO  testCases.TC_001_AccountRegistration - Provided First Name 
21:48:54.749 [main] INFO  testCases.TC_001_AccountRegistration - Provided Last Name 
21:48:55.064 [main] INFO  testCases.TC_001_AccountRegistration - Provided Email 
21:49:05.453 [main] FATAL testCases.TC_001_AccountRegistration - Account Registration Failed 
21:49:10.948 [main] INFO  testCases.TC_002_Login - Launched Chrome Browser
21:49:11.058 [main] INFO  testCases.TC_002_Login -  Starting TC_002_Login 
21:49:13.806 [main] INFO  testCases.TC_002_Login - Home Page Displayed 
21:49:14.282 [main] INFO  testCases.TC_002_Login - Clicked on My Account 
21:49:15.174 [main] INFO  testCases.TC_002_Login - Clicked on Login 
21:49:15.583 [main] INFO  testCases.TC_002_Login - email provide
21:49:15.584 [main] ERROR testCases.TC_002_Login - Login Failed 
21:56:03.688 [main] INFO  testCases.TC_001_AccountRegistration - Launched Chrome Browser
21:56:03.836 [main] INFO  testCases.TC_001_AccountRegistration -  Starting TC_001_AccountRegistration 
21:56:06.880 [main] INFO  testCases.TC_001_AccountRegistration - Home Page Displayed 
21:56:07.485 [main] INFO  testCases.TC_001_AccountRegistration - Clicked on My Account 
21:56:09.684 [main] INFO  testCases.TC_001_AccountRegistration - Clicked on Register 
21:56:09.982 [main] INFO  testCases.TC_001_AccountRegistration - Provided First Name 
21:56:10.254 [main] INFO  testCases.TC_001_AccountRegistration - Provided Last Name 
21:56:10.559 [main] INFO  testCases.TC_001_AccountRegistration - Provided Email 
21:56:10.876 [main] INFO  testCases.TC_001_AccountRegistration - Provided Telephone 
21:56:11.100 [main] INFO  testCases.TC_001_AccountRegistration - Provided Password 
21:56:11.377 [main] INFO  testCases.TC_001_AccountRegistration - Provided Confrmed Password 
21:56:11.534 [main] INFO  testCases.TC_001_AccountRegistration - Set Privacy Policy 
21:56:15.213 [main] INFO  testCases.TC_001_AccountRegistration - Clicked on Continue 
21:56:15.335 [main] INFO  testCases.TC_001_AccountRegistration - Account Registration Success 
21:56:15.340 [main] INFO  testCases.TC_001_AccountRegistration -  Finished TC_001_AccountRegistration 
21:56:20.462 [main] INFO  testCases.TC_002_Login - Launched Chrome Browser
21:56:20.521 [main] INFO  testCases.TC_002_Login -  Starting TC_002_Login 
21:56:22.903 [main] INFO  testCases.TC_002_Login - Home Page Displayed 
21:56:23.636 [main] INFO  testCases.TC_002_Login - Clicked on My Account 
21:56:25.378 [main] INFO  testCases.TC_002_Login - Clicked on Login 
21:56:25.749 [main] INFO  testCases.TC_002_Login - email provide
21:56:25.750 [main] ERROR testCases.TC_002_Login - Login Failed 
22:05:10.525 [main] INFO  testCases.TC_001_AccountRegistration - Launched Chrome Browser
22:05:10.714 [main] INFO  testCases.TC_001_AccountRegistration -  Starting TC_001_AccountRegistration 
22:05:14.233 [main] INFO  testCases.TC_001_AccountRegistration - Home Page Displayed 
22:05:15.757 [main] INFO  testCases.TC_001_AccountRegistration - Clicked on My Account 
22:05:17.759 [main] INFO  testCases.TC_001_AccountRegistration - Clicked on Register 
22:05:18.117 [main] INFO  testCases.TC_001_AccountRegistration - Provided First Name 
22:05:18.388 [main] INFO  testCases.TC_001_AccountRegistration - Provided Last Name 
22:05:18.676 [main] INFO  testCases.TC_001_AccountRegistration - Provided Email 
22:05:19.050 [main] INFO  testCases.TC_001_AccountRegistration - Provided Telephone 
22:05:19.285 [main] INFO  testCases.TC_001_AccountRegistration - Provided Password 
22:05:19.615 [main] INFO  testCases.TC_001_AccountRegistration - Provided Confrmed Password 
22:05:19.751 [main] INFO  testCases.TC_001_AccountRegistration - Set Privacy Policy 
22:05:23.594 [main] INFO  testCases.TC_001_AccountRegistration - Clicked on Continue 
22:05:23.688 [main] INFO  testCases.TC_001_AccountRegistration - Account Registration Success 
22:05:23.693 [main] INFO  testCases.TC_001_AccountRegistration -  Finished TC_001_AccountRegistration 
22:05:29.217 [main] INFO  testCases.TC_002_Login - Launched Chrome Browser
22:05:29.247 [main] INFO  testCases.TC_002_Login -  Starting TC_002_Login 
22:05:32.407 [main] INFO  testCases.TC_002_Login - Home Page Displayed 
22:05:32.931 [main] INFO  testCases.TC_002_Login - Clicked on My Account 
22:05:34.297 [main] INFO  testCases.TC_002_Login - Clicked on Login 
22:05:34.706 [main] INFO  testCases.TC_002_Login - email provide
22:05:34.708 [main] ERROR testCases.TC_002_Login - Login Failed 
22:09:25.651 [main] INFO  testCases.TC_001_AccountRegistration - Launched Chrome Browser
22:09:25.876 [main] INFO  testCases.TC_001_AccountRegistration -  Starting TC_001_AccountRegistration 
